{
  "RSpec": {
    "coverage": {
      "/Users/nickpisciotta/turing/module3/Projects/fitness_tracker/app/helpers/application_helper.rb": [
        1,
        null,
        1,
        2,
        null,
        null,
        1,
        0,
        null,
        null,
        null
      ],
      "/Users/nickpisciotta/turing/module3/Projects/fitness_tracker/app/services/activity_service.rb": [
        1,
        null,
        1,
        6,
        6,
        6,
        6,
        null,
        null,
        1,
        3,
        3,
        null,
        null,
        1,
        3,
        3,
        null,
        null,
        1,
        2,
        2,
        null,
        null,
        1,
        2,
        2,
        null,
        null,
        1,
        3,
        3,
        null,
        null,
        1,
        13,
        null,
        null,
        1,
        1,
        13,
        null,
        null,
        1,
        6,
        0,
        null,
        null,
        null
      ],
      "/Users/nickpisciotta/turing/module3/Projects/fitness_tracker/app/models/goal.rb": [
        1,
        1,
        null,
        1,
        1,
        1,
        1,
        1,
        1,
        null
      ],
      "/Users/nickpisciotta/turing/module3/Projects/fitness_tracker/app/controllers/meal_params_handler.rb": [
        1,
        null,
        1,
        1,
        null,
        null,
        null,
        null,
        null,
        null,
        null,
        null,
        null,
        1,
        1,
        null,
        null,
        null
      ],
      "/Users/nickpisciotta/turing/module3/Projects/fitness_tracker/app/models/meal.rb": [
        1,
        1,
        1,
        null,
        1,
        2,
        2,
        null,
        null,
        1,
        6,
        null,
        null,
        1,
        3,
        null,
        null,
        1,
        3,
        null,
        null,
        1,
        3,
        null,
        null,
        1,
        3,
        null,
        null,
        null
      ],
      "/Users/nickpisciotta/turing/module3/Projects/fitness_tracker/app/models/application_record.rb": [
        1,
        1,
        null
      ],
      "/Users/nickpisciotta/turing/module3/Projects/fitness_tracker/app/services/new_token_service.rb": [
        1,
        null,
        1,
        1,
        1,
        1,
        1,
        1,
        1,
        null,
        null,
        1,
        1,
        1,
        1,
        null,
        null,
        1,
        1,
        1,
        null,
        null
      ],
      "/Users/nickpisciotta/turing/module3/Projects/fitness_tracker/app/models/user.rb": [
        1,
        1,
        1,
        null,
        1,
        2,
        2,
        2,
        null,
        2,
        2,
        2,
        2,
        2,
        null,
        null,
        1,
        1,
        1,
        1,
        1,
        1,
        1,
        1,
        null,
        null,
        null
      ],
      "/Users/nickpisciotta/turing/module3/Projects/fitness_tracker/app/controllers/application_controller.rb": [
        1,
        1,
        1,
        null,
        1,
        19,
        null,
        null
      ],
      "/Users/nickpisciotta/turing/module3/Projects/fitness_tracker/app/controllers/goals_controller.rb": [
        1,
        null,
        1,
        2,
        2,
        1,
        null,
        1,
        1,
        null,
        null,
        null,
        1,
        0,
        null,
        null,
        1,
        4,
        null,
        null,
        1,
        3,
        null,
        null,
        1,
        2,
        null,
        null,
        1,
        2,
        2,
        1,
        1,
        null,
        1,
        1,
        null,
        null,
        null,
        1,
        1,
        4,
        null,
        null,
        null,
        null,
        null
      ],
      "/Users/nickpisciotta/turing/module3/Projects/fitness_tracker/app/models/meal_category.rb": [
        1,
        1,
        null
      ],
      "/Users/nickpisciotta/turing/module3/Projects/fitness_tracker/app/controllers/meals_controller.rb": [
        1,
        null,
        1,
        2,
        2,
        2,
        null,
        null,
        1,
        0,
        0,
        null,
        null,
        1,
        0,
        0,
        null,
        0,
        null,
        0,
        null,
        null,
        null,
        1,
        0,
        null,
        null,
        1,
        null,
        null,
        1,
        0,
        0,
        0,
        null,
        null,
        1,
        1,
        0,
        null,
        null,
        1,
        0,
        null,
        null
      ],
      "/Users/nickpisciotta/turing/module3/Projects/fitness_tracker/app/controllers/dashboard_controller.rb": [
        1,
        null,
        1,
        null,
        null,
        1,
        2,
        2,
        2,
        2,
        1,
        1,
        null,
        1,
        null,
        null,
        null,
        null,
        null
      ],
      "/Users/nickpisciotta/turing/module3/Projects/fitness_tracker/app/models/activity.rb": [
        1,
        null,
        1,
        2,
        2,
        null,
        null,
        1,
        8,
        null,
        null,
        1,
        2,
        null,
        null,
        1,
        2,
        null,
        null,
        1,
        1,
        null,
        null,
        1,
        1,
        null,
        null,
        1,
        2,
        null,
        null,
        1,
        2,
        2,
        null,
        null,
        1,
        2,
        2,
        null,
        null,
        1,
        1,
        1,
        null,
        null,
        1,
        1,
        1,
        null,
        null,
        1,
        2,
        2,
        null,
        null,
        1,
        1,
        0,
        null,
        null,
        1,
        8,
        null,
        null,
        null,
        null
      ],
      "/Users/nickpisciotta/turing/module3/Projects/fitness_tracker/app/controllers/homes_controller.rb": [
        1,
        null,
        1,
        null,
        null,
        null
      ],
      "/Users/nickpisciotta/turing/module3/Projects/fitness_tracker/app/controllers/sessions_controller.rb": [
        1,
        null,
        1,
        2,
        2,
        null,
        2,
        null,
        null,
        1,
        1,
        1,
        null,
        null
      ]
    },
    "timestamp": 1470332339
  }
}
